<?xml version="1.0" encoding="UTF-8"?>
<testng-results ignored="0" total="1" passed="1" failed="0" skipped="0">
  <reporter-output>
  </reporter-output>
  <suite started-at="2023-08-02T15:46:24 BDT" name="Default suite" finished-at="2023-08-02T15:46:35 BDT" duration-ms="10628">
    <groups>
    </groups>
    <test started-at="2023-08-02T15:46:24 BDT" name="Default test" finished-at="2023-08-02T15:46:35 BDT" duration-ms="10628">
      <class name="com.auto.AutomationBasics.AutomationBasic">
        <test-method is-config="true" signature="start()[pri:0, instance:com.auto.AutomationBasics.AutomationBasic@548d708a]" started-at="2023-08-02T15:46:23 BDT" name="start" finished-at="2023-08-02T15:46:24 BDT" duration-ms="1890" status="PASS">
          <reporter-output>
          </reporter-output>
        </test-method> <!-- start -->
        <test-method signature="firstTest()[pri:0, instance:com.auto.AutomationBasics.AutomationBasic@548d708a]" started-at="2023-08-02T15:46:24 BDT" name="firstTest" finished-at="2023-08-02T15:46:35 BDT" duration-ms="10599" status="PASS">
          <reporter-output>
          </reporter-output>
        </test-method> <!-- firstTest -->
        <test-method is-config="true" signature="close()[pri:0, instance:com.auto.AutomationBasics.AutomationBasic@548d708a]" started-at="2023-08-02T15:46:35 BDT" name="close" finished-at="2023-08-02T15:46:35 BDT" duration-ms="95" status="PASS">
          <reporter-output>
          </reporter-output>
        </test-method> <!-- close -->
      </class> <!-- com.auto.AutomationBasics.AutomationBasic -->
    </test> <!-- Default test -->
  </suite> <!-- Default suite -->
</testng-results>
